<?xml version="1.0" encoding="UTF-8"?>
<!-- Generated by org.testng.reporters.JUnitXMLReporter -->
<testsuite hostname="DESKTOP-C4JMO5V" ignored="0" name="Default test" tests="5" failures="0" timestamp="03 Oct 2022 11:56:57 GMT" time="0.044" errors="0">
  <testcase name="openBrowserAndAppURL" time="0.01" classname="maven.Example2"/>
  <testcase name="openBrowserAndAppURL" time="0.001" classname="maven.Example2"/>
  <testcase name="openBrowserAndAppURL" time="0.001" classname="maven.Example2"/>
  <testcase name="openBrowserAndAppURL" time="0.001" classname="maven.Example2"/>
  <testcase name="openBrowserAndAppURL" time="0.0" classname="maven.Example2"/>
</testsuite> <!-- Default test -->
