<?xml version="1.0" encoding="UTF-8"?>
<testng-results skipped="0" failed="0" ignored="0" total="2" passed="2">
  <reporter-output>
  </reporter-output>
  <suite name="Suite" duration-ms="6413" started-at="2022-10-03T12:12:41Z" finished-at="2022-10-03T12:12:47Z">
    <groups>
    </groups>
    <test name="Test" duration-ms="6413" started-at="2022-10-03T12:12:41Z" finished-at="2022-10-03T12:12:47Z">
      <class name="maven.FirstTestNGScript">
        <test-method status="PASS" signature="TestCase1()[pri:0, instance:maven.FirstTestNGScript@2bbf180e]" name="TestCase1" duration-ms="6391" started-at="2022-10-03T12:12:41Z" finished-at="2022-10-03T12:12:47Z">
          <reporter-output>
          </reporter-output>
        </test-method> <!-- TestCase1 -->
      </class> <!-- maven.FirstTestNGScript -->
      <class name="maven.Example1">
        <test-method status="PASS" signature="Testcase()[pri:0, instance:maven.Example1@163e4e87]" name="Testcase" duration-ms="1" started-at="2022-10-03T12:12:47Z" finished-at="2022-10-03T12:12:47Z">
          <reporter-output>
          </reporter-output>
        </test-method> <!-- Testcase -->
      </class> <!-- maven.Example1 -->
    </test> <!-- Test -->
  </suite> <!-- Suite -->
</testng-results>
